2026-04-10T22:38:48.744Z	Initializing build environment...
2026-04-10T22:38:51.138Z	Success: Finished initializing build environment
2026-04-10T22:38:52.453Z	Cloning repository...
2026-04-10T22:38:53.898Z	Restoring from dependencies cache
2026-04-10T22:38:53.899Z	Restoring from build output cache
2026-04-10T22:38:53.902Z	Detected the following tools from environment: npm@10.9.2, nodejs@22.16.0
2026-04-10T22:38:54.035Z	Installing project dependencies: npm clean-install --progress=false
2026-04-10T22:38:48.744Z	Initializing build environment...
2026-04-10T22:38:51.138Z	Success: Finished initializing build environment
2026-04-10T22:38:52.453Z	Cloning repository...
2026-04-10T22:38:53.898Z	Restoring from dependencies cache
2026-04-10T22:38:53.899Z	Restoring from build output cache
2026-04-10T22:38:53.902Z	Detected the following tools from environment: npm@10.9.2, nodejs@22.16.0
2026-04-10T22:38:54.035Z	Installing project dependencies: npm clean-install --progress=false
2026-04-10T22:39:06.246Z	
2026-04-10T22:39:06.247Z	added 371 packages, and audited 372 packages in 12s
2026-04-10T22:39:06.247Z	
2026-04-10T22:39:06.247Z	147 packages are looking for funding
2026-04-10T22:39:06.247Z	  run `npm fund` for details
2026-04-10T22:39:06.249Z	
2026-04-10T22:39:06.250Z	found 0 vulnerabilities
2026-04-10T22:39:06.935Z	Executing user deploy command: npx wrangler deploy
2026-04-10T22:39:07.978Z	npm warn exec The following package was not found and will be installed: wrangler@4.81.1
2026-04-10T22:39:16.841Z	
2026-04-10T22:39:16.842Z	 ⛅️ wrangler 4.81.1
2026-04-10T22:39:16.842Z	───────────────────
2026-04-10T22:39:16.990Z	
2026-04-10T22:39:16.990Z	Detected Project Settings:
2026-04-10T22:39:16.990Z	 - Worker Name: qcertify-website
2026-04-10T22:39:16.991Z	 - Framework: Next.js
2026-04-10T22:39:16.991Z	 - Build Command: npm run build
2026-04-10T22:39:16.991Z	 - Output Directory: .next
2026-04-10T22:39:16.991Z	
2026-04-10T22:39:16.991Z	? Do you want to modify these settings?
2026-04-10T22:39:16.991Z	🤖 Using fallback value in non-interactive context: no
2026-04-10T22:39:16.991Z	
2026-04-10T22:39:16.992Z	📦 Install packages:
2026-04-10T22:39:16.993Z	 - wrangler (devDependency)
2026-04-10T22:39:16.993Z	
2026-04-10T22:39:16.993Z	📝 Update package.json scripts:
2026-04-10T22:39:16.993Z	 - "deploy": "opennextjs-cloudflare build && opennextjs-cloudflare deploy"
2026-04-10T22:39:16.993Z	 - "preview": "opennextjs-cloudflare build && opennextjs-cloudflare preview"
2026-04-10T22:39:16.994Z	
2026-04-10T22:39:16.994Z	📄 Create wrangler.jsonc:
2026-04-10T22:39:16.994Z	  {
2026-04-10T22:39:16.994Z	    "$schema": "node_modules/wrangler/config-schema.json",
2026-04-10T22:39:16.994Z	    "name": "qcertify-website",
2026-04-10T22:39:16.994Z	    "compatibility_date": "2026-04-10",
2026-04-10T22:39:16.994Z	    "observability": {
2026-04-10T22:39:16.994Z	      "enabled": true
2026-04-10T22:39:16.995Z	    },
2026-04-10T22:39:16.995Z	    "compatibility_flags": [
2026-04-10T22:39:16.995Z	      "nodejs_compat"
2026-04-10T22:39:16.995Z	    ]
2026-04-10T22:39:16.995Z	  }
2026-04-10T22:39:16.995Z	
2026-04-10T22:39:16.995Z	🛠️  Configuring project for Next.js with OpenNext by running `@opennextjs/cloudflare migrate`
2026-04-10T22:39:16.996Z	
2026-04-10T22:39:16.997Z	? Proceed with setup?
2026-04-10T22:39:16.997Z	🤖 Using fallback value in non-interactive context: yes
2026-04-10T22:39:21.784Z	npm warn exec The following package was not found and will be installed: @opennextjs/cloudflare@1.19.0
2026-04-10T22:39:42.447Z	npm warn deprecated node-domexception@1.0.0: Use your platform's native DOMException instead
2026-04-10T22:39:42.966Z	npm warn deprecated glob@9.3.5: Old versions of glob are not supported, and contain widely publicized security vulnerabilities, which have been fixed in the current version. Please update. Support for old versions may be purchased (at exorbitant rates) by contacting i@izs.me
2026-04-10T22:39:51.888Z	
2026-04-10T22:39:51.888Z	┌───────────────────────────────┐
2026-04-10T22:39:51.888Z	│ OpenNext — Cloudflare migrate │
2026-04-10T22:39:51.888Z	└───────────────────────────────┘
2026-04-10T22:39:51.888Z	
2026-04-10T22:39:51.888Z	🚀 Setting up the OpenNext Cloudflare adapter...
2026-04-10T22:39:51.888Z	
2026-04-10T22:39:51.897Z	⚙️  Installing dependencies...
2026-04-10T22:39:51.897Z	
2026-04-10T22:39:52.064Z	npm warn using --force Recommended protections disabled.
2026-04-10T22:39:58.403Z	npm warn deprecated node-domexception@1.0.0: Use your platform's native DOMException instead
2026-04-10T22:39:58.619Z	npm warn deprecated glob@9.3.5: Old versions of glob are not supported, and contain widely publicized security vulnerabilities, which have been fixed in the current version. Please update. Support for old versions may be purchased (at exorbitant rates) by contacting i@izs.me
2026-04-10T22:40:01.055Z	
2026-04-10T22:40:01.056Z	added 273 packages, and audited 672 packages in 9s
2026-04-10T22:40:01.056Z	
2026-04-10T22:40:01.056Z	194 packages are looking for funding
2026-04-10T22:40:01.056Z	  run `npm fund` for details
2026-04-10T22:40:01.056Z	
2026-04-10T22:40:01.056Z	found 0 vulnerabilities
2026-04-10T22:40:01.252Z	npm warn using --force Recommended protections disabled.
2026-04-10T22:40:03.048Z	
2026-04-10T22:40:03.048Z	added 1 package, and audited 673 packages in 2s
2026-04-10T22:40:03.048Z	
2026-04-10T22:40:03.048Z	194 packages are looking for funding
2026-04-10T22:40:03.048Z	  run `npm fund` for details
2026-04-10T22:40:03.049Z	
2026-04-10T22:40:03.049Z	found 0 vulnerabilities
2026-04-10T22:40:03.071Z	⚙️  Creating wrangler.jsonc...
2026-04-10T22:40:03.071Z	
2026-04-10T22:40:07.582Z	WARN Failed to set up cache for your project.
2026-04-10T22:40:07.582Z	After the migration completes, please manually setup cache in  wrangler.jsonc and open-next.config.ts files (for more details see: https://opennext.js.org/cloudflare/caching).
2026-04-10T22:40:07.582Z	
2026-04-10T22:40:07.582Z	⚙️  Creating open-next.config.ts...
2026-04-10T22:40:07.582Z	
2026-04-10T22:40:07.599Z	⚙️  Creating .dev.vars file...
2026-04-10T22:40:07.599Z	
2026-04-10T22:40:07.599Z	⚙️  Creating public/_headers file...
2026-04-10T22:40:07.599Z	
2026-04-10T22:40:07.604Z	⚙️  Updating package.json scripts...
2026-04-10T22:40:07.604Z	
2026-04-10T22:40:07.604Z	⚙️  Updating .gitignore file...
2026-04-10T22:40:07.605Z	
2026-04-10T22:40:07.605Z	⚙️  Updating Next.js config...
2026-04-10T22:40:07.605Z	
2026-04-10T22:40:07.605Z	⚙️  Checking for edge runtime usage...
2026-04-10T22:40:07.605Z	
2026-04-10T22:40:07.606Z	🎉 OpenNext Cloudflare adapter complete!
2026-04-10T22:40:07.606Z	
2026-04-10T22:40:07.606Z	Next steps:
2026-04-10T22:40:07.610Z	- Run: "npm run preview" to build and preview your Cloudflare application locally
2026-04-10T22:40:07.613Z	- Run: "npm run deploy" to deploy your application to Cloudflare Workers
2026-04-10T22:40:07.614Z	- ⚠️  Setup cache, see https://opennext.js.org/cloudflare/caching for more details
2026-04-10T22:40:07.614Z	
2026-04-10T22:40:07.741Z	├ Adding Wrangler files to the .gitignore file
2026-04-10T22:40:07.741Z	│ updated .gitignore file
2026-04-10T22:40:07.741Z	│
2026-04-10T22:40:07.742Z	[build] Running: npx opennextjs-cloudflare build
2026-04-10T22:40:10.147Z	[build] 
2026-04-10T22:40:10.148Z	[build] ┌─────────────────────────────┐
2026-04-10T22:40:10.148Z	[build] │ OpenNext — Cloudflare build │
2026-04-10T22:40:10.148Z	[build] └─────────────────────────────┘
2026-04-10T22:40:10.149Z	[build] 
2026-04-10T22:40:10.149Z	[build] 
2026-04-10T22:40:10.283Z	[build] App directory: /opt/buildhome/repo
2026-04-10T22:40:10.284Z	[build] Next.js version : 16.2.3
2026-04-10T22:40:10.285Z	[build] 
2026-04-10T22:40:10.285Z	[build] @opennextjs/cloudflare version: 1.19.0
2026-04-10T22:40:10.285Z	[build] @opennextjs/aws version: 3.10.1
2026-04-10T22:40:10.285Z	[build] 
2026-04-10T22:40:10.287Z	[build] 
2026-04-10T22:40:10.287Z	[build] ┌─────────────────────────────────┐
2026-04-10T22:40:10.287Z	[build] │ OpenNext — Building Next.js app │
2026-04-10T22:40:10.288Z	[build] └─────────────────────────────────┘
2026-04-10T22:40:10.288Z	[build] 
2026-04-10T22:40:10.288Z	[build] 
2026-04-10T22:40:10.475Z	[build] 
2026-04-10T22:40:10.476Z	[build] > temp_dir@0.1.0 build
2026-04-10T22:40:10.476Z	[build] > next build
2026-04-10T22:40:10.476Z	[build] 
2026-04-10T22:40:10.476Z	[build] 
2026-04-10T22:40:10.979Z	[build] ⚠ No build cache found. Please configure build caching for faster rebuilds. Read more: https://nextjs.org/docs/messages/no-cache
2026-04-10T22:40:10.979Z	[build] 
2026-04-10T22:40:10.984Z	[build] Attention: Next.js now collects completely anonymous telemetry regarding usage.
2026-04-10T22:40:10.984Z	[build] This information is used to shape Next.js' roadmap and prioritize features.
2026-04-10T22:40:10.984Z	[build] 
2026-04-10T22:40:10.984Z	[build] You can learn more, including how to opt-out if you'd not like to participate in this anonymous program, by visiting the following URL:
2026-04-10T22:40:10.984Z	[build] 
2026-04-10T22:40:10.985Z	[build] https://nextjs.org/telemetry
2026-04-10T22:40:10.985Z	[build] 
2026-04-10T22:40:10.985Z	[build] 
2026-04-10T22:40:11.006Z	[build] ▲ Next.js 16.2.3 (Turbopack)
2026-04-10T22:40:11.008Z	[build] 
2026-04-10T22:40:11.008Z	[build] 
2026-04-10T22:40:11.009Z	[build] 
2026-04-10T22:40:12.184Z	[build] Using secrets defined in .dev.vars
2026-04-10T22:40:12.184Z	[build] 
2026-04-10T22:40:12.207Z	[build]   Creating an optimized production build ...
2026-04-10T22:40:12.210Z	[build] 
2026-04-10T22:40:20.747Z	[build] ✓ Compiled successfully in 8.2s
2026-04-10T22:40:20.752Z	[build] 
2026-04-10T22:40:20.758Z	[build]   Running TypeScript ...
2026-04-10T22:40:20.758Z	[build] 
2026-04-10T22:40:26.009Z	[build]   Finished TypeScript in 5.2s ...
2026-04-10T22:40:26.009Z	[build] 
2026-04-10T22:40:26.017Z	[build]   Collecting page data using 1 worker ...
2026-04-10T22:40:26.017Z	[build] 
2026-04-10T22:40:26.412Z	[build]   Generating static pages using 1 worker (0/4) ...
2026-04-10T22:40:26.412Z	[build] 
2026-04-10T22:40:26.609Z	[build]   Generating static pages using 1 worker (1/4) 
2026-04-10T22:40:26.609Z	[build] 
2026-04-10T22:40:26.630Z	[build]   Generating static pages using 1 worker (2/4) 
2026-04-10T22:40:26.630Z	[build] 
2026-04-10T22:40:26.631Z	[build]   Generating static pages using 1 worker (3/4) 
2026-04-10T22:40:26.631Z	[build] ✓ Generating static pages using 1 worker (4/4) in 220ms
2026-04-10T22:40:26.631Z	[build] 
2026-04-10T22:40:26.640Z	[build]   Finalizing page optimization ...
2026-04-10T22:40:26.640Z	[build] 
2026-04-10T22:40:27.037Z	[build] 
2026-04-10T22:40:27.037Z	[build] 
2026-04-10T22:40:27.039Z	[build] Route (app)
2026-04-10T22:40:27.040Z	[build] ┌ ○ /
2026-04-10T22:40:27.040Z	[build] └ ○ /_not-found
2026-04-10T22:40:27.040Z	[build] 
2026-04-10T22:40:27.040Z	[build] 
2026-04-10T22:40:27.040Z	[build] 
2026-04-10T22:40:27.040Z	[build] ○  (Static)  prerendered as static content
2026-04-10T22:40:27.040Z	[build] 
2026-04-10T22:40:27.040Z	[build] 
2026-04-10T22:40:27.194Z	[build] 
2026-04-10T22:40:27.194Z	[build] ┌──────────────────────────────┐
2026-04-10T22:40:27.194Z	[build] │ OpenNext — Generating bundle │
2026-04-10T22:40:27.194Z	[build] └──────────────────────────────┘
2026-04-10T22:40:27.194Z	[build] 
2026-04-10T22:40:27.194Z	[build] 
2026-04-10T22:40:27.239Z	[build] Bundling middleware function...
2026-04-10T22:40:27.239Z	[build] 
2026-04-10T22:40:27.291Z	[build] Bundling static assets...
2026-04-10T22:40:27.291Z	[build] 
2026-04-10T22:40:27.299Z	[build] Bundling cache assets...
2026-04-10T22:40:27.299Z	[build] 
2026-04-10T22:40:27.310Z	[build] Building server function: default...
2026-04-10T22:40:27.310Z	[build] 
2026-04-10T22:40:30.863Z	[build] Applying code patches: 3.285s
2026-04-10T22:40:30.863Z	[build] 
2026-04-10T22:40:31.268Z	[build] # copyPackageTemplateFiles
2026-04-10T22:40:31.268Z	[build] 
2026-04-10T22:40:31.271Z	[build] ⚙️ Bundling the OpenNext server...
2026-04-10T22:40:31.272Z	[build] 
2026-04-10T22:40:31.273Z	[build] 
2026-04-10T22:40:33.355Z	[build] Worker saved in `.open-next/worker.js` 🚀
2026-04-10T22:40:33.355Z	[build] 
2026-04-10T22:40:33.356Z	[build] 
2026-04-10T22:40:33.356Z	[build] OpenNext build complete.
2026-04-10T22:40:33.359Z	[build] 
2026-04-10T22:40:33.608Z	OpenNext project detected, calling `opennextjs-cloudflare deploy`
2026-04-10T22:40:37.221Z	
2026-04-10T22:40:37.221Z	┌──────────────────────────────┐
2026-04-10T22:40:37.221Z	│ OpenNext — Cloudflare deploy │
2026-04-10T22:40:37.221Z	└──────────────────────────────┘
2026-04-10T22:40:37.221Z	
2026-04-10T22:40:37.270Z	Using secrets defined in .dev.vars
2026-04-10T22:40:37.890Z	Incremental cache does not need populating
2026-04-10T22:40:37.890Z	Tag cache does not need populating
2026-04-10T22:40:38.942Z	
2026-04-10T22:40:38.942Z	 ⛅️ wrangler 4.81.1
2026-04-10T22:40:38.942Z	───────────────────
2026-04-10T22:40:38.948Z	
2026-04-10T22:40:38.948Z	Cloudflare collects anonymous telemetry about your usage of Wrangler. Learn more at https://github.com/cloudflare/workers-sdk/tree/main/packages/wrangler/telemetry.md
2026-04-10T22:40:40.340Z	🌀 Building list of assets...
2026-04-10T22:40:40.343Z	✨ Read 34 files from the assets directory /opt/buildhome/repo/.open-next/assets
2026-04-10T22:40:40.360Z	🌀 Starting asset upload...
2026-04-10T22:40:42.105Z	🌀 Found 28 new or modified static assets to upload. Proceeding with upload...
2026-04-10T22:40:42.107Z	+ /BUILD_ID
2026-04-10T22:40:42.107Z	+ /vercel.svg
2026-04-10T22:40:42.107Z	+ /file.svg
2026-04-10T22:40:42.108Z	+ /_next/static/chunks/01xlw8hd842-c.js
2026-04-10T22:40:42.108Z	+ /_next/static/media/ad66f9afd8947f86-s.11u06r12fd6v_.woff2
2026-04-10T22:40:42.108Z	+ /_next/static/media/5476f68d60460930-s.0wxq9webf.ew4.woff2
2026-04-10T22:40:42.109Z	+ /favicon.ico
2026-04-10T22:40:42.109Z	+ /_next/static/chunks/0~6s51_i0xc_1.js
2026-04-10T22:40:42.109Z	+ /_next/static/chunks/03~yq9q893hmn.js
2026-04-10T22:40:42.109Z	+ /_next/static/chunks/0oo5~221gwzus.js
2026-04-10T22:40:42.109Z	+ /_next/static/6uohBr-ZgRrKrFAE0pDSJ/_ssgManifest.js
2026-04-10T22:40:42.109Z	+ /_next/static/6uohBr-ZgRrKrFAE0pDSJ/_buildManifest.js
2026-04-10T22:40:42.109Z	+ /globe.svg
2026-04-10T22:40:42.109Z	+ /_next/static/media/2bbe8d2671613f1f-s.067x_6k0k23tk.woff2
2026-04-10T22:40:42.109Z	+ /_next/static/chunks/15xrurgzs99gv.js
2026-04-10T22:40:42.109Z	+ /_next/static/media/2c55a0e60120577a-s.0bjc5tiuqdqro.woff2
2026-04-10T22:40:42.109Z	+ /_next/static/chunks/0.z5f43s_va79.css
2026-04-10T22:40:42.109Z	+ /_next/static/chunks/0d3shmwh5_nmn.js
2026-04-10T22:40:42.109Z	+ /_next/static/chunks/0ajxhjkm9vpha.js
2026-04-10T22:40:42.110Z	+ /_next/static/6uohBr-ZgRrKrFAE0pDSJ/_clientMiddlewareManifest.js
2026-04-10T22:40:42.110Z	+ /window.svg
2026-04-10T22:40:42.110Z	+ /next.svg
2026-04-10T22:40:42.110Z	+ /_next/static/chunks/turbopack-0gmgb4dvanzol.js
2026-04-10T22:40:42.110Z	+ /_next/static/media/9c72aa0f40e4eef8-s.0m6w47a4e5dy9.woff2
2026-04-10T22:40:42.110Z	+ /favicon.ico
2026-04-10T22:40:42.110Z	+ /_next/static/media/83afe278b6a6bb3c-s.p.0q-301v4kxxnr.woff2
2026-04-10T22:40:42.110Z	+ /_next/static/media/1bffadaabf893a1e-s.16ipb6fqu393i.woff2
2026-04-10T22:40:42.110Z	+ /_next/static/chunks/0zowlu9nb2qnp.js
2026-04-10T22:40:43.221Z	Uploaded 9 of 28 assets
2026-04-10T22:40:43.257Z	Uploaded 19 of 28 assets
2026-04-10T22:40:51.002Z	Uploaded 28 of 28 assets
2026-04-10T22:40:51.003Z	✨ Success! Uploaded 28 files (8.90 sec)
2026-04-10T22:40:51.005Z	
2026-04-10T22:40:51.230Z	Total Upload: 7052.65 KiB / gzip: 1736.13 KiB
2026-04-10T22:40:51.905Z	Your Worker has access to the following bindings:
2026-04-10T22:40:51.905Z	Binding                                   Resource      
2026-04-10T22:40:51.905Z	env.WORKER_SELF_REFERENCE (temp-dir)      Worker        
2026-04-10T22:40:51.905Z	env.IMAGES                                Images        
2026-04-10T22:40:51.905Z	env.ASSETS                                Assets        
2026-04-10T22:40:51.905Z	
2026-04-10T22:40:51.910Z	
2026-04-10T22:40:52.027Z	✘ [ERROR] A request to the Cloudflare API (/accounts/e9472ab64f9d279f874f1fb5918272e1/workers/scripts/qcertify-website/versions) failed.
2026-04-10T22:40:52.027Z	
2026-04-10T22:40:52.027Z	  Service binding 'WORKER_SELF_REFERENCE' references Worker 'temp-dir' which was not found. Verify the Worker exists in your account and that the service name in your configuration is correct. [code: 10143]
2026-04-10T22:40:52.027Z	  To learn more about this error, visit: https://developers.cloudflare.com/workers/configuration/bindings/about-service-bindings/
2026-04-10T22:40:52.027Z	
2026-04-10T22:40:52.027Z	  
2026-04-10T22:40:52.027Z	  If you think this is a bug, please open an issue at: https://github.com/cloudflare/workers-sdk/issues/new/choose
2026-04-10T22:40:52.027Z	
2026-04-10T22:40:52.027Z	
2026-04-10T22:40:52.027Z	🪵  Logs were written to "/opt/buildhome/.config/.wrangler/logs/wrangler-2026-04-10_22-40-38_737.log"
2026-04-10T22:40:52.028Z	ERROR Wrangler deploy command failed:
2026-04-10T22:40:52.029Z	✘ [ERROR] A request to the Cloudflare API (/accounts/e9472ab64f9d279f874f1fb5918272e1/workers/scripts/qcertify-website/versions) failed.
2026-04-10T22:40:52.029Z	
2026-04-10T22:40:52.029Z	  Service binding 'WORKER_SELF_REFERENCE' references Worker 'temp-dir' which was not found. Verify the Worker exists in your account and that the service name in your configuration is correct. [code: 10143]
2026-04-10T22:40:52.029Z	  To learn more about this error, visit: https://developers.cloudflare.com/workers/configuration/bindings/about-service-bindings/
2026-04-10T22:40:52.029Z	
2026-04-10T22:40:52.029Z	  
2026-04-10T22:40:52.029Z	  If you think this is a bug, please open an issue at: https://github.com/cloudflare/workers-sdk/issues/new/choose
2026-04-10T22:40:52.029Z	
2026-04-10T22:40:52.029Z	
2026-04-10T22:40:52.029Z	🪵  Logs were written to "/opt/buildhome/.config/.wrangler/logs/wrangler-2026-04-10_22-40-38_737.log"
2026-04-10T22:40:52.029Z	
2026-04-10T22:40:52.078Z	
2026-04-10T22:40:52.131Z	✘ [ERROR] 
2026-04-10T22:40:52.131Z	
2026-04-10T22:40:52.131Z	
2026-04-10T22:40:52.156Z	If you think this is a bug then please create an issue at https://github.com/cloudflare/workers-sdk/issues/new/choose
2026-04-10T22:40:52.157Z	? Would you like to report this error to Cloudflare? Wrangler's output and the error details will be shared with the Wrangler team to help us diagnose and fix the issue.
2026-04-10T22:40:52.157Z	🤖 Using fallback value in non-interactive context: no
2026-04-10T22:40:52.173Z	🪵  Logs were written to "/opt/buildhome/.config/.wrangler/logs/wrangler-2026-04-10_22-39-16_093.log"
2026-04-10T22:40:52.233Z	Failed: error occurred while running deploy command